<?xml version="1.0" encoding="UTF-8"?>
<!-- Generated by org.testng.reporters.JUnitReportReporter -->
<testsuite hostname="PROMSI61610" failures="0" tests="3" name="API_TestCases.GBK_UAT" time="7.681" errors="1" timestamp="2022-10-12T00:37:52 IST" skipped="0">
  <testcase classname="API_TestCases.GBK_UAT" name="b_accessTokenInfo" time="1.488"/>
  <testcase classname="API_TestCases.GBK_UAT" name="a_tokenServiceAPI" time="4.454"/>
  <testcase classname="API_TestCases.GBK_UAT" name="c_checkIfUserExists" time="1.739">
    <error message="java.lang.ClassNotFoundException: org.glassfish.jersey.internal.RuntimeDelegateImpl" type="java.lang.RuntimeException">
      <![CDATA[java.lang.RuntimeException: java.lang.ClassNotFoundException: org.glassfish.jersey.internal.RuntimeDelegateImpl
at javax.ws.rs.ext.RuntimeDelegate.findDelegate(RuntimeDelegate.java:130)
at javax.ws.rs.ext.RuntimeDelegate.getInstance(RuntimeDelegate.java:97)
at javax.ws.rs.core.Response$ResponseBuilder.newInstance(Response.java:840)
at javax.ws.rs.core.Response.status(Response.java:568)
at javax.ws.rs.core.Response.status(Response.java:579)
at Utilities.GenericExceptionMapper.toResponse(GenericExceptionMapper.java:16)
at API_TestCases.GBK_UAT.c_checkIfUserExists(GBK_UAT.java:60)
at java.base/jdk.internal.reflect.NativeMethodAccessorImpl.invoke0(Native Method)
at java.base/jdk.internal.reflect.NativeMethodAccessorImpl.invoke(NativeMethodAccessorImpl.java:64)
at java.base/jdk.internal.reflect.DelegatingMethodAccessorImpl.invoke(DelegatingMethodAccessorImpl.java:43)
at java.base/java.lang.reflect.Method.invoke(Method.java:564)
at org.testng.internal.MethodInvocationHelper.invokeMethod(MethodInvocationHelper.java:133)
at org.testng.internal.TestInvoker.invokeMethod(TestInvoker.java:584)
at org.testng.internal.TestInvoker.invokeTestMethod(TestInvoker.java:172)
at org.testng.internal.MethodRunner.runInSequence(MethodRunner.java:46)
at org.testng.internal.TestInvoker$MethodInvocationAgent.invoke(TestInvoker.java:804)
at org.testng.internal.TestInvoker.invokeTestMethods(TestInvoker.java:145)
at org.testng.internal.TestMethodWorker.invokeTestMethods(TestMethodWorker.java:146)
at org.testng.internal.TestMethodWorker.run(TestMethodWorker.java:128)
at java.base/java.util.ArrayList.forEach(ArrayList.java:1511)
at org.testng.TestRunner.privateRun(TestRunner.java:770)
at org.testng.TestRunner.run(TestRunner.java:591)
at org.testng.SuiteRunner.runTest(SuiteRunner.java:402)
at org.testng.SuiteRunner.runSequentially(SuiteRunner.java:396)
at org.testng.SuiteRunner.privateRun(SuiteRunner.java:355)
at org.testng.SuiteRunner.run(SuiteRunner.java:304)
at org.testng.SuiteRunnerWorker.runSuite(SuiteRunnerWorker.java:53)
at org.testng.SuiteRunnerWorker.run(SuiteRunnerWorker.java:96)
at org.testng.TestNG.runSuitesSequentially(TestNG.java:1180)
at org.testng.TestNG.runSuitesLocally(TestNG.java:1102)
at org.testng.TestNG.runSuites(TestNG.java:1032)
at org.testng.TestNG.run(TestNG.java:1000)
at org.testng.remote.AbstractRemoteTestNG.run(AbstractRemoteTestNG.java:115)
at org.testng.remote.RemoteTestNG.initAndRun(RemoteTestNG.java:251)
at org.testng.remote.RemoteTestNG.main(RemoteTestNG.java:77)
Caused by: java.lang.ClassNotFoundException: org.glassfish.jersey.internal.RuntimeDelegateImpl
at java.base/jdk.internal.loader.BuiltinClassLoader.loadClass(BuiltinClassLoader.java:606)
at java.base/jdk.internal.loader.ClassLoaders$AppClassLoader.loadClass(ClassLoaders.java:168)
at java.base/java.lang.ClassLoader.loadClass(ClassLoader.java:522)
at java.base/java.lang.Class.forName0(Native Method)
at java.base/java.lang.Class.forName(Class.java:377)
at javax.ws.rs.ext.FactoryFinder.newInstance(FactoryFinder.java:87)
at javax.ws.rs.ext.FactoryFinder.find(FactoryFinder.java:185)
at javax.ws.rs.ext.RuntimeDelegate.findDelegate(RuntimeDelegate.java:112)
... 34 more
]]>
    </error>
  </testcase> <!-- c_checkIfUserExists -->
</testsuite> <!-- API_TestCases.GBK_UAT -->
